# JRE version: Java(TM) SE Runtime Environment 18.9 (11.0.10+8) (build 11.0.10+8-LTS-162)
# Java VM: Java HotSpot(TM) 64-Bit Server VM 18.9 (11.0.10+8-LTS-162, mixed mode, tiered, compressed oops, g1 gc, windows-amd64)
Heap:
 garbage-first heap   total 81920K, used 22839K [0x00000000b1600000, 0x0000000100000000)
  region size 1024K, 15 young (15360K), 1 survivors (1024K)
 Metaspace       used 26258K, capacity 26873K, committed 27008K, reserved 1073152K
  class space    used 2585K, capacity 2834K, committed 2944K, reserved 1048576K
GC Heap History (10 events):
Event: 3.554 GC heap before
{Heap before GC invocations=0 (full 0):
 garbage-first heap   total 81920K, used 19456K [0x00000000b1600000, 0x0000000100000000)
  region size 1024K, 14 young (14336K), 0 survivors (0K)
 Metaspace       used 19652K, capacity 20184K, committed 20352K, reserved 1067008K
  class space    used 2127K, capacity 2372K, committed 2432K, reserved 1048576K
}
Event: 3.568 GC heap after
{Heap after GC invocations=1 (full 0):
 garbage-first heap   total 81920K, used 8756K [0x00000000b1600000, 0x0000000100000000)
  region size 1024K, 2 young (2048K), 2 survivors (2048K)
 Metaspace       used 19652K, capacity 20184K, committed 20352K, reserved 1067008K
  class space    used 2127K, capacity 2372K, committed 2432K, reserved 1048576K
}
Event: 3.942 GC heap before
{Heap before GC invocations=1 (full 0):
 garbage-first heap   total 81920K, used 10804K [0x00000000b1600000, 0x0000000100000000)
  region size 1024K, 4 young (4096K), 2 survivors (2048K)
 Metaspace       used 19892K, capacity 20472K, committed 20608K, reserved 1067008K
  class space    used 2156K, capacity 2404K, committed 2432K, reserved 1048576K
}
Event: 3.947 GC heap after
{Heap after GC invocations=2 (full 0):
 garbage-first heap   total 81920K, used 9212K [0x00000000b1600000, 0x0000000100000000)
  region size 1024K, 1 young (1024K), 1 survivors (1024K)
 Metaspace       used 19892K, capacity 20472K, committed 20608K, reserved 1067008K
  class space    used 2156K, capacity 2404K, committed 2432K, reserved 1048576K
}
Event: 14.848 GC heap before
{Heap before GC invocations=2 (full 0):
 garbage-first heap   total 81920K, used 26620K [0x00000000b1600000, 0x0000000100000000)
  region size 1024K, 19 young (19456K), 1 survivors (1024K)
 Metaspace       used 20478K, capacity 21018K, committed 21248K, reserved 1069056K
  class space    used 2203K, capacity 2438K, committed 2560K, reserved 1048576K
}
Event: 14.852 GC heap after
{Heap after GC invocations=3 (full 0):
 garbage-first heap   total 81920K, used 11195K [0x00000000b1600000, 0x0000000100000000)
  region size 1024K, 3 young (3072K), 3 survivors (3072K)
 Metaspace       used 20478K, capacity 21018K, committed 21248K, reserved 1069056K
  class space    used 2203K, capacity 2438K, committed 2560K, reserved 1048576K
}
Event: 14.936 GC heap before
{Heap before GC invocations=3 (full 0):
 garbage-first heap   total 81920K, used 49083K [0x00000000b1600000, 0x0000000100000000)
  region size 1024K, 41 young (41984K), 3 survivors (3072K)
 Metaspace       used 20533K, capacity 21082K, committed 21248K, reserved 1069056K
  class space    used 2203K, capacity 2438K, committed 2560K, reserved 1048576K
}
Event: 14.940 GC heap after
{Heap after GC invocations=4 (full 0):
 garbage-first heap   total 81920K, used 16137K [0x00000000b1600000, 0x0000000100000000)
  region size 1024K, 6 young (6144K), 6 survivors (6144K)
 Metaspace       used 20533K, capacity 21082K, committed 21248K, reserved 1069056K
  class space    used 2203K, capacity 2438K, committed 2560K, reserved 1048576K
}
Event: 16.184 GC heap before
{Heap before GC invocations=4 (full 0):
 garbage-first heap   total 81920K, used 46857K [0x00000000b1600000, 0x0000000100000000)
  region size 1024K, 38 young (38912K), 6 survivors (6144K)
 Metaspace       used 20596K, capacity 21082K, committed 21248K, reserved 1069056K
  class space    used 2204K, capacity 2438K, committed 2560K, reserved 1048576K
}
Event: 16.186 GC heap after
{Heap after GC invocations=5 (full 0):
 garbage-first heap   total 81920K, used 10551K [0x00000000b1600000, 0x0000000100000000)
  region size 1024K, 1 young (1024K), 1 survivors (1024K)
 Metaspace       used 20596K, capacity 21082K, committed 21248K, reserved 1069056K
  class space    used 2204K, capacity 2438K, committed 2560K, reserved 1048576K
}

